unit/build/intermediates/manifest_merge_blame_file/debug/manifest-merger-blame-debug-report.txt
1<?xml version="1.0" encoding="utf-8"?>
2<manifest xmlns:android="http://schemas.android.com/apk/res/android"
3    xmlns:tools="http://schemas.android.com/tools"
4    package="com.physphil.android.unitconverterultimate" >
5
6    <uses-sdk android:minSdkVersion="1" />
7
8    <uses-permission android:name="android.permission.INTERNET" />
8-->src\main\AndroidManifest.xml:6:5-66
8-->src\main\AndroidManifest.xml:6:22-64
9
10    <application
10-->src\main\AndroidManifest.xml:8:5-26:19
11        android:name="com.physphil.android.unitconverterultimate.UnitConverterDebugApplication"
11-->src\main\AndroidManifest.xml:9:9-49
12        android:allowBackup="true"
12-->src\main\AndroidManifest.xml:10:9-35
13        android:label="@string/app_name"
13-->src\main\AndroidManifest.xml:11:9-41
14        android:theme="@style/AppTheme"
14-->src\main\AndroidManifest.xml:12:9-40
15        tools:replace="android:name" >
15-->src\debug\AndroidManifest.xml:8:9-37
16        <activity
16-->src\main\AndroidManifest.xml:13:9-18:20
17            android:name="com.physphil.android.unitconverterultimate.MainActivity"
17-->src\main\AndroidManifest.xml:14:13-41
18            android:label="@string/app_name"
18-->src\main\AndroidManifest.xml:15:13-45
19            android:windowSoftInputMode="stateHidden|adjustResize" >
19-->src\main\AndroidManifest.xml:16:13-67
20        </activity>
21        <activity
21-->src\main\AndroidManifest.xml:19:9-21:62
22            android:name="com.physphil.android.unitconverterultimate.settings.PreferencesActivity"
22-->src\main\AndroidManifest.xml:20:13-57
23            android:label="@string/title_activity_settings" />
23-->src\main\AndroidManifest.xml:21:13-60
24        <activity
24-->src\main\AndroidManifest.xml:22:9-24:70
25            android:name="com.physphil.android.unitconverterultimate.AcknowledgementsActivity"
25-->src\main\AndroidManifest.xml:23:13-53
26            android:label="@string/title_activity_acknowledgements" />
26-->src\main\AndroidManifest.xml:24:13-68
27    </application>
28
29</manifest>